2022-05-11T14:05:14+05:30 |INFO| Starting arangodb version 0.15.3, build 814f8be component=arangodb
2022-05-11T14:05:15+05:30 |INFO| Using storage engine 'rocksdb' component=arangodb
2022-05-11T14:05:15+05:30 |INFO| Serving as master with ID 'bde83193' on :8528... component=arangodb
2022-05-11T14:05:15+05:30 |INFO| Waiting for 3 servers to show up.
 component=arangodb
2022-05-11T14:05:15+05:30 |INFO| Use the following commands to start other servers: component=arangodb
2022-05-11T14:05:15+05:30 |INFO| ArangoDB Starter listening on 0.0.0.0:8528 (:8528) component=arangodb
2022-05-12T14:05:15+05:30 |INFO| Rotating log files... component=arangodb
2022-05-13T14:05:15+05:30 |INFO| Rotating log files... component=arangodb
2022-05-14T14:05:15+05:30 |INFO| Rotating log files... component=arangodb
2022-05-15T14:05:15+05:30 |INFO| Rotating log files... component=arangodb
2022-05-16T14:05:15+05:30 |INFO| Rotating log files... component=arangodb
2022-05-17T14:05:15+05:30 |INFO| Rotating log files... component=arangodb
2022-05-18T14:05:15+05:30 |INFO| Rotating log files... component=arangodb
2022-05-19T14:05:15+05:30 |INFO| Rotating log files... component=arangodb
2022-05-20T14:05:15+05:30 |INFO| Rotating log files... component=arangodb
2022-05-21T14:05:15+05:30 |INFO| Rotating log files... component=arangodb
2022-05-22T14:05:15+05:30 |INFO| Rotating log files... component=arangodb
2022-05-23T14:05:15+05:30 |INFO| Rotating log files... component=arangodb
2022-05-24T14:05:15+05:30 |INFO| Rotating log files... component=arangodb
2022-05-25T14:05:15+05:30 |INFO| Rotating log files... component=arangodb
2022-05-26T14:05:15+05:30 |INFO| Rotating log files... component=arangodb
2022-05-27T14:05:15+05:30 |INFO| Rotating log files... component=arangodb
2022-05-28T14:05:15+05:30 |INFO| Rotating log files... component=arangodb
2022-05-29T14:05:15+05:30 |INFO| Rotating log files... component=arangodb
